{
  "Cucumber Features": {
    "coverage": {
      "/Users/angelcui/Documents/GitHub/CUDiningPair/app/controllers/sessions_controller.rb": {
        "lines": [
          1,
          null,
          1,
          null,
          1,
          null,
          null,
          1,
          2,
          2,
          null,
          0,
          0,
          null,
          null,
          2,
          2,
          null,
          null,
          null,
          1,
          0,
          0,
          0,
          null,
          null
        ]
      },
      "/Users/angelcui/Documents/GitHub/CUDiningPair/app/controllers/application_controller.rb": {
        "lines": [
          1,
          1,
          1,
          1,
          null,
          1,
          null,
          1,
          5,
          5,
          5,
          null,
          null,
          null,
          1,
          5,
          null,
          null,
          1,
          5,
          null,
          0,
          null,
          null,
          null
        ]
      },
      "/Users/angelcui/Documents/GitHub/CUDiningPair/app/helpers/application_helper.rb": {
        "lines": [
          1,
          null
        ]
      },
      "/Users/angelcui/Documents/GitHub/CUDiningPair/app/helpers/registrations_helper.rb": {
        "lines": [
          1,
          null
        ]
      },
      "/Users/angelcui/Documents/GitHub/CUDiningPair/app/helpers/restaurants_helper.rb": {
        "lines": [
          null,
          null,
          null,
          null,
          null,
          null,
          null,
          1,
          null,
          null,
          null,
          null,
          null,
          null
        ]
      },
      "/Users/angelcui/Documents/GitHub/CUDiningPair/app/helpers/sessions_helper.rb": {
        "lines": [
          1,
          null
        ]
      },
      "/Users/angelcui/Documents/GitHub/CUDiningPair/app/helpers/users_helper.rb": {
        "lines": [
          1,
          null
        ]
      },
      "/Users/angelcui/Documents/GitHub/CUDiningPair/app/helpers/welcome_helper.rb": {
        "lines": [
          1,
          null
        ]
      },
      "/Users/angelcui/Documents/GitHub/CUDiningPair/app/models/user.rb": {
        "lines": [
          1,
          1,
          null,
          1,
          1,
          1,
          null,
          null,
          null,
          null,
          1,
          null,
          1,
          null,
          1,
          1,
          null,
          null
        ]
      },
      "/Users/angelcui/Documents/GitHub/CUDiningPair/app/models/application_record.rb": {
        "lines": [
          1,
          1,
          null
        ]
      },
      "/Users/angelcui/Documents/GitHub/CUDiningPair/app/controllers/registrations_controller.rb": {
        "lines": [
          1,
          null,
          1,
          1,
          null,
          1,
          null,
          null,
          1,
          3,
          null,
          3,
          1,
          1,
          null,
          null,
          2,
          1,
          1,
          null,
          null,
          null,
          1,
          null,
          1,
          null,
          1,
          1,
          0,
          null,
          null,
          0,
          0,
          null,
          0,
          null,
          null,
          null,
          1,
          3,
          3,
          0,
          0,
          null,
          3,
          3,
          null,
          null,
          null,
          1,
          null,
          null,
          null,
          null,
          1,
          null,
          1,
          3,
          null,
          null,
          null
        ]
      },
      "/Users/angelcui/Documents/GitHub/CUDiningPair/app/mailers/user_mailer.rb": {
        "lines": [
          1,
          1,
          null,
          1,
          1,
          1,
          null,
          null,
          null
        ]
      },
      "/Users/angelcui/Documents/GitHub/CUDiningPair/app/mailers/application_mailer.rb": {
        "lines": [
          1,
          1,
          1,
          null
        ]
      },
      "/Users/angelcui/Documents/GitHub/CUDiningPair/app/models/restaurant.rb": {
        "lines": [
          1,
          null,
          null,
          1,
          0,
          0,
          0,
          0,
          null,
          null,
          null
        ]
      },
      "/Users/angelcui/Documents/GitHub/CUDiningPair/app/controllers/restaurants_controller.rb": {
        "lines": [
          1,
          null,
          1,
          0,
          0,
          null,
          null,
          null,
          null,
          1,
          null,
          0,
          0,
          null,
          null,
          0,
          0,
          null,
          0,
          null,
          null,
          null,
          0,
          0,
          null,
          0,
          null,
          null,
          null,
          0,
          0,
          0,
          null,
          0,
          0,
          null,
          0,
          0,
          null,
          null,
          null,
          0,
          0,
          null,
          0,
          null,
          null,
          null,
          1,
          null,
          null,
          null,
          1,
          0,
          0,
          0,
          null,
          null,
          1,
          0,
          null,
          null,
          1,
          0,
          0,
          0,
          0,
          null,
          null,
          1,
          0,
          0,
          0,
          0,
          null,
          null,
          1,
          1,
          0,
          null,
          null,
          null
        ]
      },
      "/Users/angelcui/Documents/GitHub/CUDiningPair/app/controllers/users_controller.rb": {
        "lines": [
          0,
          0,
          null,
          0,
          null,
          0,
          null,
          0,
          null,
          0,
          0,
          0,
          0,
          0,
          0,
          0
        ],
        "branches": {
        }
      },
      "/Users/angelcui/Documents/GitHub/CUDiningPair/app/controllers/welcome_controller.rb": {
        "lines": [
          0,
          0,
          null,
          0,
          0,
          null
        ],
        "branches": {
        }
      }
    },
    "timestamp": 1698865603
  },
  "RSpec": {
    "coverage": {
      "/Users/angelcui/Documents/GitHub/CUDiningPair/CUDiningPair/app/helpers/application_helper.rb": {
        "lines": [
          1,
          null
        ]
      },
      "/Users/angelcui/Documents/GitHub/CUDiningPair/CUDiningPair/app/helpers/registrations_helper.rb": {
        "lines": [
          1,
          null
        ]
      },
      "/Users/angelcui/Documents/GitHub/CUDiningPair/CUDiningPair/app/helpers/sessions_helper.rb": {
        "lines": [
          1,
          null
        ]
      },
      "/Users/angelcui/Documents/GitHub/CUDiningPair/CUDiningPair/app/helpers/users_helper.rb": {
        "lines": [
          1,
          null
        ]
      },
      "/Users/angelcui/Documents/GitHub/CUDiningPair/CUDiningPair/app/helpers/welcome_helper.rb": {
        "lines": [
          1,
          null
        ]
      },
      "/Users/angelcui/Documents/GitHub/CUDiningPair/CUDiningPair/app/controllers/sessions_controller.rb": {
        "lines": [
          1,
          null,
          1,
          null,
          1,
          null,
          null,
          1,
          0,
          0,
          null,
          0,
          0,
          null,
          null,
          0,
          0,
          null,
          null,
          null,
          1,
          0,
          0,
          0,
          null,
          null
        ]
      },
      "/Users/angelcui/Documents/GitHub/CUDiningPair/CUDiningPair/app/controllers/application_controller.rb": {
        "lines": [
          1,
          1,
          1,
          1,
          null,
          1,
          null,
          1,
          0,
          0,
          0,
          null,
          null,
          null,
          1,
          0,
          null,
          null,
          1,
          0,
          null,
          0,
          null,
          null,
          null
        ]
      },
      "/Users/angelcui/Documents/GitHub/CUDiningPair/CUDiningPair/app/models/user.rb": {
        "lines": [
          1,
          1,
          null,
          null,
          1,
          null,
          1,
          null,
          1,
          2,
          null,
          null
        ]
      },
      "/Users/angelcui/Documents/GitHub/CUDiningPair/CUDiningPair/app/models/application_record.rb": {
        "lines": [
          1,
          1,
          null
        ]
      },
      "/Users/angelcui/Documents/GitHub/CUDiningPair/CUDiningPair/app/mailers/user_mailer.rb": {
        "lines": [
          0,
          0,
          null,
          0,
          0,
          0,
          0,
          0,
          null
        ],
        "branches": {
        }
      },
      "/Users/angelcui/Documents/GitHub/CUDiningPair/CUDiningPair/app/mailers/application_mailer.rb": {
        "lines": [
          0,
          0,
          0,
          0
        ],
        "branches": {
        }
      },
      "/Users/angelcui/Documents/GitHub/CUDiningPair/CUDiningPair/app/controllers/users_controller.rb": {
        "lines": [
          0,
          0,
          null,
          0,
          null,
          0,
          null,
          0,
          null,
          0,
          0,
          0,
          0,
          0,
          0,
          0
        ],
        "branches": {
        }
      },
      "/Users/angelcui/Documents/GitHub/CUDiningPair/CUDiningPair/app/controllers/welcome_controller.rb": {
        "lines": [
          0,
          0,
          null,
          0,
          0,
          null
        ],
        "branches": {
        }
      },
      "/Users/angelcui/Documents/GitHub/CUDiningPair/CUDiningPair/app/controllers/registrations_controller.rb": {
        "lines": [
          0,
          null,
          0,
          null,
          0,
          0,
          null,
          0,
          0,
          null,
          null,
          0,
          null,
          0,
          null,
          0,
          0,
          0,
          0,
          null,
          0,
          0,
          null,
          0,
          0,
          0,
          0,
          0,
          0,
          0,
          0,
          0,
          0,
          null,
          null,
          0,
          null,
          0,
          0,
          0,
          null,
          0
        ],
        "branches": {
        }
      }
    },
    "timestamp": 1698616527
  }
}
