{
  "Cucumber Features": {
    "coverage": {
      "/home/codio/workspace/CUDiningPair/app/models/restaurant.rb": {
        "lines": [
          1,
          1,
          null,
          1,
          11,
          11,
          31,
          11,
          null,
          null,
          null
        ]
      },
      "/home/codio/workspace/CUDiningPair/app/controllers/registrations_controller.rb": {
        "lines": [
          1,
          null,
          1,
          1,
          null,
          1,
          null,
          null,
          1,
          16,
          null,
          16,
          1,
          1,
          null,
          null,
          15,
          1,
          1,
          null,
          null,
          null,
          14,
          null,
          null,
          null,
          14,
          null,
          null,
          13,
          null,
          null,
          1,
          1,
          null,
          1,
          null,
          null,
          null,
          null,
          null,
          null,
          null,
          null,
          null,
          null,
          null,
          null,
          null,
          null,
          null,
          null,
          null,
          null,
          null,
          1,
          null,
          1,
          16,
          null,
          null,
          null
        ]
      },
      "/home/codio/workspace/CUDiningPair/app/controllers/application_controller.rb": {
        "lines": [
          1,
          1,
          1,
          1,
          null,
          1,
          null,
          1,
          54,
          0,
          0,
          null,
          null,
          null,
          1,
          54,
          null,
          null,
          1,
          103,
          null,
          0,
          null,
          null,
          null
        ]
      },
      "/home/codio/workspace/CUDiningPair/app/helpers/application_helper.rb": {
        "lines": [
          1,
          null
        ]
      },
      "/home/codio/workspace/CUDiningPair/app/helpers/registrations_helper.rb": {
        "lines": [
          1,
          null
        ]
      },
      "/home/codio/workspace/CUDiningPair/app/helpers/restaurants_helper.rb": {
        "lines": [
          null,
          null,
          null,
          null,
          null,
          null,
          null,
          1,
          null,
          null,
          null,
          null,
          null,
          null
        ]
      },
      "/home/codio/workspace/CUDiningPair/app/helpers/sessions_helper.rb": {
        "lines": [
          1,
          null
        ]
      },
      "/home/codio/workspace/CUDiningPair/app/helpers/users_helper.rb": {
        "lines": [
          1,
          null
        ]
      },
      "/home/codio/workspace/CUDiningPair/app/helpers/welcome_helper.rb": {
        "lines": [
          1,
          null
        ]
      },
      "/home/codio/workspace/CUDiningPair/app/models/user.rb": {
        "lines": [
          1,
          1,
          null,
          1,
          null,
          1,
          1,
          1,
          null,
          null,
          null,
          null,
          1,
          null,
          1,
          null,
          1,
          13,
          null,
          null
        ]
      },
      "/home/codio/workspace/CUDiningPair/app/models/application_record.rb": {
        "lines": [
          1,
          1,
          null
        ]
      },
      "/home/codio/workspace/CUDiningPair/app/controllers/sessions_controller.rb": {
        "lines": [
          1,
          null,
          1,
          null,
          1,
          null,
          null,
          1,
          11,
          11,
          null,
          10,
          10,
          null,
          null,
          1,
          1,
          null,
          null,
          null,
          1,
          2,
          2,
          2,
          null,
          null
        ]
      },
      "/home/codio/workspace/CUDiningPair/app/controllers/welcome_controller.rb": {
        "lines": [
          1,
          1,
          null,
          null,
          null,
          null
        ]
      },
      "/home/codio/workspace/CUDiningPair/app/controllers/pairings_controller.rb": {
        "lines": [
          1,
          null,
          1,
          1,
          1,
          1,
          1,
          null,
          null,
          1,
          null,
          3,
          null,
          null,
          null,
          1,
          1,
          null,
          null,
          1,
          6,
          6,
          6,
          null,
          null,
          null,
          1,
          2,
          null,
          null,
          1,
          1,
          1,
          1,
          1,
          null,
          null,
          null,
          null,
          null,
          null,
          null,
          null,
          null,
          1,
          2,
          null,
          null,
          2,
          1,
          null,
          null,
          1,
          1,
          1,
          null,
          1,
          null,
          null,
          null,
          null,
          2,
          null,
          null,
          null,
          null,
          null,
          null,
          null,
          1,
          null,
          1,
          4,
          null,
          null,
          1,
          3,
          null,
          3,
          1,
          1,
          1,
          null,
          null,
          2,
          null,
          null,
          null,
          null,
          null
        ]
      },
      "/home/codio/workspace/CUDiningPair/app/models/pairing.rb": {
        "lines": [
          1,
          1,
          1,
          1,
          1,
          5,
          null,
          null,
          null,
          null,
          null,
          1,
          1,
          null,
          1,
          4,
          null,
          4,
          2,
          null,
          null,
          null,
          null
        ]
      },
      "/home/codio/workspace/CUDiningPair/app/controllers/restaurants_controller.rb": {
        "lines": [
          1,
          null,
          1,
          3,
          3,
          null,
          null,
          null,
          null,
          1,
          null,
          11,
          11,
          null,
          null,
          11,
          1,
          null,
          10,
          null,
          null,
          null,
          11,
          2,
          null,
          9,
          null,
          null,
          null,
          11,
          2,
          2,
          null,
          9,
          0,
          null,
          9,
          0,
          null,
          null,
          null,
          11,
          2,
          null,
          9,
          null,
          null,
          null,
          1,
          null,
          null,
          null,
          1,
          1,
          1,
          1,
          null,
          null,
          1,
          2,
          null,
          null,
          1,
          1,
          1,
          1,
          1,
          null,
          null,
          null,
          null,
          null,
          null,
          null,
          null,
          null,
          null,
          null,
          1,
          1,
          2,
          null,
          null,
          null
        ]
      },
      "/home/codio/workspace/CUDiningPair/app/controllers/users_controller.rb": {
        "lines": [
          1,
          1,
          null,
          1,
          null,
          null,
          null,
          1,
          null,
          1,
          1,
          null,
          0,
          0,
          null,
          null
        ]
      },
      "/home/codio/workspace/CUDiningPair/app/mailers/application_mailer.rb": {
        "lines": [
          null,
          null,
          null,
          null
        ],
        "branches": {
        }
      },
      "/home/codio/workspace/CUDiningPair/app/mailers/user_mailer.rb": {
        "lines": [
          null,
          null,
          null,
          null,
          null,
          null,
          null,
          null,
          null
        ],
        "branches": {
        }
      }
    },
    "timestamp": 1700064941
  },
  "RSpec": {
    "coverage": {
      "/home/codio/workspace/newnew/CUDiningPair/app/helpers/application_helper.rb": {
        "lines": [
          1,
          null
        ]
      },
      "/home/codio/workspace/newnew/CUDiningPair/app/helpers/registrations_helper.rb": {
        "lines": [
          1,
          null
        ]
      },
      "/home/codio/workspace/newnew/CUDiningPair/app/helpers/restaurants_helper.rb": {
        "lines": [
          null,
          null,
          null,
          null,
          null,
          null,
          null,
          1,
          null,
          null,
          null,
          null,
          null,
          null
        ]
      },
      "/home/codio/workspace/newnew/CUDiningPair/app/helpers/sessions_helper.rb": {
        "lines": [
          1,
          null
        ]
      },
      "/home/codio/workspace/newnew/CUDiningPair/app/helpers/users_helper.rb": {
        "lines": [
          1,
          null
        ]
      },
      "/home/codio/workspace/newnew/CUDiningPair/app/helpers/welcome_helper.rb": {
        "lines": [
          1,
          null
        ]
      },
      "/home/codio/workspace/newnew/CUDiningPair/app/models/restaurant.rb": {
        "lines": [
          1,
          null,
          null,
          1,
          4,
          4,
          6,
          4,
          null,
          null,
          null
        ]
      },
      "/home/codio/workspace/newnew/CUDiningPair/app/controllers/application_controller.rb": {
        "lines": [
          0,
          0,
          0,
          0,
          null,
          0,
          null,
          0,
          0,
          0,
          0,
          0,
          0,
          null,
          0,
          0,
          0,
          null,
          0,
          0,
          0,
          0,
          0,
          0,
          null
        ],
        "branches": {
        }
      },
      "/home/codio/workspace/newnew/CUDiningPair/app/controllers/restaurants_controller.rb": {
        "lines": [
          0,
          null,
          0,
          0,
          0,
          null,
          0,
          null,
          null,
          0,
          null,
          0,
          0,
          null,
          null,
          0,
          0,
          0,
          0,
          0,
          null,
          null,
          0,
          0,
          0,
          0,
          0,
          null,
          null,
          0,
          0,
          0,
          0,
          0,
          0,
          0,
          0,
          0,
          0,
          0,
          null,
          0,
          0,
          0,
          0,
          0,
          0,
          null,
          0,
          null,
          0,
          null,
          0,
          0,
          0,
          0,
          0,
          null,
          0,
          0,
          0,
          null,
          0,
          0,
          0,
          0,
          0,
          0,
          null,
          0,
          0,
          0,
          0,
          0,
          0,
          null,
          0,
          0,
          0,
          0,
          0,
          null
        ],
        "branches": {
        }
      },
      "/home/codio/workspace/newnew/CUDiningPair/app/controllers/sessions_controller.rb": {
        "lines": [
          0,
          null,
          0,
          null,
          0,
          0,
          null,
          0,
          0,
          0,
          null,
          0,
          0,
          0,
          null,
          0,
          0,
          0,
          0,
          null,
          0,
          0,
          0,
          0,
          0,
          0
        ],
        "branches": {
        }
      },
      "/home/codio/workspace/newnew/CUDiningPair/app/controllers/users_controller.rb": {
        "lines": [
          0,
          0,
          null,
          0,
          null,
          0,
          null,
          0,
          null,
          0,
          0,
          0,
          0,
          0,
          0,
          0
        ],
        "branches": {
        }
      },
      "/home/codio/workspace/newnew/CUDiningPair/app/controllers/welcome_controller.rb": {
        "lines": [
          0,
          0,
          null,
          0,
          0,
          null
        ],
        "branches": {
        }
      },
      "/home/codio/workspace/newnew/CUDiningPair/app/controllers/registrations_controller.rb": {
        "lines": [
          0,
          null,
          0,
          0,
          null,
          0,
          0,
          null,
          0,
          0,
          null,
          0,
          0,
          0,
          0,
          null,
          0,
          0,
          0,
          0,
          null,
          null,
          0,
          null,
          null,
          null,
          0,
          null,
          null,
          0,
          0,
          null,
          0,
          0,
          0,
          0,
          0,
          0,
          null,
          null,
          null,
          null,
          null,
          null,
          null,
          null,
          null,
          null,
          null,
          null,
          null,
          null,
          null,
          null,
          null,
          0,
          null,
          0,
          0,
          0,
          null,
          0
        ],
        "branches": {
        }
      },
      "/home/codio/workspace/newnew/CUDiningPair/app/mailers/user_mailer.rb": {
        "lines": [
          null,
          null,
          null,
          null,
          null,
          null,
          null,
          null,
          null
        ],
        "branches": {
        }
      },
      "/home/codio/workspace/newnew/CUDiningPair/app/mailers/application_mailer.rb": {
        "lines": [
          null,
          null,
          null,
          null
        ],
        "branches": {
        }
      },
      "/home/codio/workspace/newnew/CUDiningPair/app/models/application_record.rb": {
        "lines": [
          0,
          0,
          0
        ],
        "branches": {
        }
      },
      "/home/codio/workspace/newnew/CUDiningPair/app/models/user.rb": {
        "lines": [
          0,
          0,
          null,
          0,
          0,
          0,
          null,
          null,
          null,
          null,
          0,
          null,
          0,
          null,
          0,
          0,
          0,
          0
        ],
        "branches": {
        }
      }
    },
    "timestamp": 1698873720
  }
}
